<?xml version="1.0" encoding="UTF-8"?>
<testng-results skipped="0" failed="0" total="1" passed="1">
  <reporter-output>
  </reporter-output>
  <suite name="Command line suite" duration-ms="11650" started-at="2016-05-17T08:31:43Z" finished-at="2016-05-17T08:31:55Z">
    <groups>
    </groups>
    <test name="Command line test" duration-ms="11650" started-at="2016-05-17T08:31:43Z" finished-at="2016-05-17T08:31:55Z">
      <class name="com.ActiTime.Tests.LoginTest">
        <test-method status="PASS" signature="beforeSuite()[pri:0, instance:com.ActiTime.Tests.LoginTest@64616ca2]" name="beforeSuite" is-config="true" duration-ms="244" started-at="2016-05-17T14:01:43Z" finished-at="2016-05-17T14:01:43Z">
          <reporter-output>
          </reporter-output>
        </test-method> <!-- beforeSuite -->
        <test-method status="PASS" signature="main()[pri:0, instance:com.ActiTime.Tests.LoginTest@64616ca2]" name="main" duration-ms="10954" started-at="2016-05-17T14:01:43Z" finished-at="2016-05-17T14:01:54Z">
          <reporter-output>
          </reporter-output>
        </test-method> <!-- main -->
        <test-method status="PASS" signature="afterMethod(org.testng.ITestResult)[pri:0, instance:com.ActiTime.Tests.LoginTest@64616ca2]" name="afterMethod" is-config="true" duration-ms="682" started-at="2016-05-17T14:01:54Z" finished-at="2016-05-17T14:01:55Z">
          <params>
            <param index="0">
              <value>
                <![CDATA[[TestResult name=main status=SUCCESS method=LoginTest.main()[pri:0, instance:com.ActiTime.Tests.LoginTest@64616ca2] output={null}]]]>
              </value>
            </param>
          </params>
          <reporter-output>
          </reporter-output>
        </test-method> <!-- afterMethod -->
        <test-method status="PASS" signature="afterSuite()[pri:0, instance:com.ActiTime.Tests.LoginTest@64616ca2]" name="afterSuite" is-config="true" duration-ms="152" started-at="2016-05-17T14:01:55Z" finished-at="2016-05-17T14:01:55Z">
          <reporter-output>
          </reporter-output>
        </test-method> <!-- afterSuite -->
      </class> <!-- com.ActiTime.Tests.LoginTest -->
    </test> <!-- Command line test -->
  </suite> <!-- Command line suite -->
</testng-results>
