<?xml version="1.0" encoding="UTF-8"?>
<testng-results skipped="0" failed="0" total="1" passed="1">
  <reporter-output>
  </reporter-output>
  <suite name="Default suite" duration-ms="25617" started-at="2016-05-17T08:10:11Z" finished-at="2016-05-17T08:10:37Z">
    <groups>
    </groups>
    <test name="Default test" duration-ms="25617" started-at="2016-05-17T08:10:11Z" finished-at="2016-05-17T08:10:37Z">
      <class name="com.ActiTime.Tests.LoginTest">
        <test-method status="PASS" signature="beforeSuite()[pri:0, instance:com.ActiTime.Tests.LoginTest@6adca536]" name="beforeSuite" is-config="true" duration-ms="942" started-at="2016-05-17T13:40:11Z" finished-at="2016-05-17T13:40:11Z">
          <reporter-output>
          </reporter-output>
        </test-method> <!-- beforeSuite -->
        <test-method status="PASS" signature="main()[pri:0, instance:com.ActiTime.Tests.LoginTest@6adca536]" name="main" duration-ms="24188" started-at="2016-05-17T13:40:11Z" finished-at="2016-05-17T13:40:36Z">
          <reporter-output>
          </reporter-output>
        </test-method> <!-- main -->
        <test-method status="PASS" signature="afterMethod(org.testng.ITestResult)[pri:0, instance:com.ActiTime.Tests.LoginTest@6adca536]" name="afterMethod" is-config="true" duration-ms="1414" started-at="2016-05-17T13:40:36Z" finished-at="2016-05-17T13:40:37Z">
          <params>
            <param index="0">
              <value>
                <![CDATA[[TestResult name=main status=SUCCESS method=LoginTest.main()[pri:0, instance:com.ActiTime.Tests.LoginTest@6adca536] output={null}]]]>
              </value>
            </param>
          </params>
          <reporter-output>
          </reporter-output>
        </test-method> <!-- afterMethod -->
        <test-method status="PASS" signature="afterSuite()[pri:0, instance:com.ActiTime.Tests.LoginTest@6adca536]" name="afterSuite" is-config="true" duration-ms="93" started-at="2016-05-17T13:40:37Z" finished-at="2016-05-17T13:40:37Z">
          <reporter-output>
          </reporter-output>
        </test-method> <!-- afterSuite -->
      </class> <!-- com.ActiTime.Tests.LoginTest -->
    </test> <!-- Default test -->
  </suite> <!-- Default suite -->
</testng-results>
